0 info it worked if it ends with ok
1 verbose cli [ 'C:\\Program Files\\nodejs\\node.exe',
1 verbose cli   'C:\\Users\\Steve\\AppData\\Roaming\\npm\\node_modules\\npm\\bin\\npm-cli.js',
1 verbose cli   'run',
1 verbose cli   'start' ]
2 info using npm@4.0.5
3 info using node@v10.16.0
4 verbose run-script [ 'prestart', 'start', 'poststart' ]
5 info lifecycle todo-vue@1.0.0~prestart: todo-vue@1.0.0
6 silly lifecycle todo-vue@1.0.0~prestart: no script for prestart, continuing
7 info lifecycle todo-vue@1.0.0~start: todo-vue@1.0.0
8 verbose lifecycle todo-vue@1.0.0~start: unsafe-perm in lifecycle true
9 verbose lifecycle todo-vue@1.0.0~start: PATH: C:\Users\Steve\AppData\Roaming\npm\node_modules\npm\bin\node-gyp-bin;D:\local_dev\Todo App\vue-version\todo-vue v0.5\node_modules\.bin;C:\ProgramData\Oracle\Java\javapath;C:\WINDOWS\system32;C:\WINDOWS;C:\WINDOWS\System32\Wbem;C:\WINDOWS\System32\WindowsPowerShell\v1.0\;C:\Program Files (x86)\Brackets\command;C:\Program Files\Microsoft\Web Platform Installer\;C:\Program Files\Microsoft SQL Server\120\Tools\Binn\;C:\Program Files\Microsoft SQL Server\130\Tools\Binn\;C:\Program Files\dotnet\;C:\Program Files\Git\cmd;C:\Program Files\Git\mingw64\bin;C:\Program Files\Git\usr\bin;C:\WINDOWS\System32\OpenSSH\;C:\Program Files (x86)\Yarn\bin\;C:\Program Files\Microsoft VS Code\bin;C:\Program Files (x86)\NVIDIA Corporation\PhysX\Common;C:\Program Files\nodejs\;C:\Program Files\NVIDIA Corporation\NVIDIA NvDLISR;C:\Users\Steve\Desktop\SQLite3;C:\Program Files (x86)\Intel\Intel(R) Management Engine Components\DAL;C:\Program Files\Intel\Intel(R) Management Engine Components\DAL;%SystemRoot%\system32;%SystemRoot%;%SystemRoot%\System32\Wbem;%SYSTEMROOT%\System32\WindowsPowerShell\v1.0\;%SYSTEMROOT%\System32\OpenSSH\;C:\Users\Steve\AppData\Local\Programs\Python\Python37\Scripts\;C:\Users\Steve\AppData\Local\Programs\Python\Python37\;C:\Ruby23-x64\bin;C:\Users\Steve\AppData\Local\Microsoft\WindowsApps;C:\Users\Steve\AppData\Local\atom\bin;C:\Users\Steve\AppData\Local\Microsoft\WindowsApps;C:\Users\Steve\AppData\Local\Yarn\bin\;C:\Users\Steve\AppData\Roaming\npm;
10 verbose lifecycle todo-vue@1.0.0~start: CWD: D:\local_dev\Todo App\vue-version\todo-vue v0.5
11 silly lifecycle todo-vue@1.0.0~start: Args: [ '/d /s /c', 'npm run dev' ]
12 verbose stack Error: kill ENOSYS
12 verbose stack     at process.kill (internal/process/per_thread.js:198:13)
12 verbose stack     at process.listener (C:\Users\Steve\AppData\Roaming\npm\node_modules\npm\node_modules\npmlog\node_modules\gauge\node_modules\signal-exit\index.js:86:15)
12 verbose stack     at process.emit (events.js:203:15)
13 verbose cwd D:\local_dev\Todo App\vue-version\todo-vue v0.5
14 error Windows_NT 10.0.18363
15 error argv "C:\\Program Files\\nodejs\\node.exe" "C:\\Users\\Steve\\AppData\\Roaming\\npm\\node_modules\\npm\\bin\\npm-cli.js" "run" "start"
16 error node v10.16.0
17 error npm  v4.0.5
18 error code ENOSYS
19 error errno ENOSYS
20 error syscall kill
21 error kill ENOSYS
22 error If you need help, you may report this error at:
22 error     <https://github.com/npm/npm/issues>
23 verbose exit [ 1, true ]
